<?xml version="1.0" encoding="UTF-8"?>
<coverage generated="1772477430458" clover="3.2.0">
  <project timestamp="1772477430458" name="All files">
    <metrics statements="34" coveredstatements="34" conditionals="44" coveredconditionals="38" methods="6" coveredmethods="6" elements="84" coveredelements="78" complexity="0" loc="34" ncloc="34" packages="1" files="4" classes="4"/>
    <file name="categoryTotals.ts" path="C:\UoL\Mobile_Development\MDExpenseTracker\app\utils\categoryTotals.ts">
      <metrics statements="5" coveredstatements="5" conditionals="6" coveredconditionals="6" methods="2" coveredmethods="2"/>
      <line num="3" count="10" type="stmt"/>
      <line num="5" count="10" type="stmt"/>
      <line num="6" count="114" type="cond" truecount="2" falsecount="0"/>
      <line num="7" count="114" type="cond" truecount="4" falsecount="0"/>
      <line num="10" count="10" type="stmt"/>
    </file>
    <file name="expenses.ts" path="C:\UoL\Mobile_Development\MDExpenseTracker\app\utils\expenses.ts">
      <metrics statements="5" coveredstatements="5" conditionals="12" coveredconditionals="12" methods="1" coveredmethods="1"/>
      <line num="6" count="2" type="stmt"/>
      <line num="25" count="18" type="stmt"/>
      <line num="26" count="18" type="cond" truecount="2" falsecount="0"/>
      <line num="28" count="16" type="stmt"/>
      <line num="41" count="14" type="stmt"/>
    </file>
    <file name="imagePicker.ts" path="C:\UoL\Mobile_Development\MDExpenseTracker\app\utils\imagePicker.ts">
      <metrics statements="12" coveredstatements="12" conditionals="8" coveredconditionals="8" methods="2" coveredmethods="2"/>
      <line num="5" count="7" type="stmt"/>
      <line num="7" count="7" type="cond" truecount="2" falsecount="0"/>
      <line num="8" count="1" type="stmt"/>
      <line num="11" count="6" type="stmt"/>
      <line num="17" count="6" type="cond" truecount="2" falsecount="0"/>
      <line num="19" count="3" type="stmt"/>
      <line num="23" count="5" type="stmt"/>
      <line num="25" count="5" type="cond" truecount="2" falsecount="0"/>
      <line num="26" count="1" type="stmt"/>
      <line num="29" count="4" type="stmt"/>
      <line num="33" count="4" type="cond" truecount="2" falsecount="0"/>
      <line num="35" count="2" type="stmt"/>
    </file>
    <file name="location.ts" path="C:\UoL\Mobile_Development\MDExpenseTracker\app\utils\location.ts">
      <metrics statements="12" coveredstatements="12" conditionals="18" coveredconditionals="12" methods="1" coveredmethods="1"/>
      <line num="5" count="12" type="stmt"/>
      <line num="7" count="12" type="cond" truecount="2" falsecount="0"/>
      <line num="8" count="2" type="stmt"/>
      <line num="11" count="10" type="stmt"/>
      <line num="15" count="10" type="stmt"/>
      <line num="17" count="10" type="stmt"/>
      <line num="23" count="9" type="cond" truecount="4" falsecount="0"/>
      <line num="28" count="9" type="cond" truecount="1" falsecount="1"/>
      <line num="29" count="9" type="cond" truecount="1" falsecount="1"/>
      <line num="30" count="9" type="cond" truecount="1" falsecount="1"/>
      <line num="32" count="9" type="stmt"/>
      <line num="41" count="9" type="stmt"/>
    </file>
  </project>
</coverage>
