{"C:\\UoL\\Mobile_Development\\MDExpenseTracker\\app\\utils\\categoryTotals.ts": {"path":"C:\\UoL\\Mobile_Development\\MDExpenseTracker\\app\\utils\\categoryTotals.ts","statementMap":{"0":{"start":{"line":3,"column":41},"end":{"line":3,"column":43}},"1":{"start":{"line":5,"column":2},"end":{"line":8,"column":5}},"2":{"start":{"line":6,"column":16},"end":{"line":6,"column":37}},"3":{"start":{"line":7,"column":4},"end":{"line":7,"column":55}},"4":{"start":{"line":10,"column":2},"end":{"line":10,"column":16}}},"fnMap":{"0":{"name":"getCategoryTotals","decl":{"start":{"line":2,"column":16},"end":{"line":2,"column":33}},"loc":{"start":{"line":2,"column":51},"end":{"line":11,"column":1}},"line":2},"1":{"name":"(anonymous_1)","decl":{"start":{"line":5,"column":19},"end":{"line":5,"column":20}},"loc":{"start":{"line":5,"column":24},"end":{"line":8,"column":3}},"line":5}},"branchMap":{"0":{"loc":{"start":{"line":6,"column":16},"end":{"line":6,"column":37}},"type":"binary-expr","locations":[{"start":{"line":6,"column":16},"end":{"line":6,"column":26}},{"start":{"line":6,"column":30},"end":{"line":6,"column":37}}],"line":6},"1":{"loc":{"start":{"line":7,"column":19},"end":{"line":7,"column":35}},"type":"binary-expr","locations":[{"start":{"line":7,"column":19},"end":{"line":7,"column":30}},{"start":{"line":7,"column":34},"end":{"line":7,"column":35}}],"line":7},"2":{"loc":{"start":{"line":7,"column":40},"end":{"line":7,"column":53}},"type":"binary-expr","locations":[{"start":{"line":7,"column":40},"end":{"line":7,"column":48}},{"start":{"line":7,"column":52},"end":{"line":7,"column":53}}],"line":7}},"s":{"0":10,"1":10,"2":114,"3":114,"4":10},"f":{"0":10,"1":114},"b":{"0":[114,3],"1":[114,15],"2":[114,2]},"_coverageSchema":"1a1c01bbd47fc00a2c39e90264f33305004495a9","hash":"c0c25728826faf9929ff0262b41f00d016248840"}
,"C:\\UoL\\Mobile_Development\\MDExpenseTracker\\app\\utils\\expenses.ts": {"path":"C:\\UoL\\Mobile_Development\\MDExpenseTracker\\app\\utils\\expenses.ts","statementMap":{"0":{"start":{"line":6,"column":26},"end":{"line":42,"column":1}},"1":{"start":{"line":25,"column":14},"end":{"line":25,"column":48}},"2":{"start":{"line":26,"column":2},"end":{"line":26,"column":50}},"3":{"start":{"line":26,"column":12},"end":{"line":26,"column":50}},"4":{"start":{"line":28,"column":17},"end":{"line":39,"column":4}},"5":{"start":{"line":41,"column":2},"end":{"line":41,"column":19}}},"fnMap":{"0":{"name":"(anonymous_0)","decl":{"start":{"line":6,"column":26},"end":{"line":6,"column":27}},"loc":{"start":{"line":24,"column":6},"end":{"line":42,"column":1}},"line":24}},"branchMap":{"0":{"loc":{"start":{"line":26,"column":2},"end":{"line":26,"column":50}},"type":"if","locations":[{"start":{"line":26,"column":2},"end":{"line":26,"column":50}},{"start":{},"end":{}}],"line":26},"1":{"loc":{"start":{"line":32,"column":11},"end":{"line":32,"column":22}},"type":"binary-expr","locations":[{"start":{"line":32,"column":11},"end":{"line":32,"column":16}},{"start":{"line":32,"column":20},"end":{"line":32,"column":22}}],"line":32},"2":{"loc":{"start":{"line":33,"column":14},"end":{"line":33,"column":30}},"type":"binary-expr","locations":[{"start":{"line":33,"column":14},"end":{"line":33,"column":22}},{"start":{"line":33,"column":26},"end":{"line":33,"column":30}}],"line":33},"3":{"loc":{"start":{"line":34,"column":15},"end":{"line":34,"column":32}},"type":"binary-expr","locations":[{"start":{"line":34,"column":15},"end":{"line":34,"column":24}},{"start":{"line":34,"column":28},"end":{"line":34,"column":32}}],"line":34},"4":{"loc":{"start":{"line":35,"column":18},"end":{"line":35,"column":36}},"type":"binary-expr","locations":[{"start":{"line":35,"column":18},"end":{"line":35,"column":30}},{"start":{"line":35,"column":34},"end":{"line":35,"column":36}}],"line":35},"5":{"loc":{"start":{"line":36,"column":14},"end":{"line":36,"column":28}},"type":"binary-expr","locations":[{"start":{"line":36,"column":14},"end":{"line":36,"column":22}},{"start":{"line":36,"column":26},"end":{"line":36,"column":28}}],"line":36}},"s":{"0":2,"1":18,"2":18,"3":2,"4":16,"5":14},"f":{"0":18},"b":{"0":[2,16],"1":[16,14],"2":[16,13],"3":[16,13],"4":[16,14],"5":[16,14]},"_coverageSchema":"1a1c01bbd47fc00a2c39e90264f33305004495a9","hash":"bbd3f22c03f778aabda9eb0f5190d1e5aecf073d"}
,"C:\\UoL\\Mobile_Development\\MDExpenseTracker\\app\\utils\\imagePicker.ts": {"path":"C:\\UoL\\Mobile_Development\\MDExpenseTracker\\app\\utils\\imagePicker.ts","statementMap":{"0":{"start":{"line":5,"column":21},"end":{"line":5,"column":76}},"1":{"start":{"line":7,"column":2},"end":{"line":9,"column":3}},"2":{"start":{"line":8,"column":4},"end":{"line":8,"column":49}},"3":{"start":{"line":11,"column":15},"end":{"line":15,"column":4}},"4":{"start":{"line":17,"column":2},"end":{"line":17,"column":35}},"5":{"start":{"line":17,"column":23},"end":{"line":17,"column":35}},"6":{"start":{"line":19,"column":2},"end":{"line":19,"column":30}},"7":{"start":{"line":23,"column":21},"end":{"line":23,"column":70}},"8":{"start":{"line":25,"column":2},"end":{"line":27,"column":3}},"9":{"start":{"line":26,"column":4},"end":{"line":26,"column":48}},"10":{"start":{"line":29,"column":17},"end":{"line":31,"column":4}},"11":{"start":{"line":33,"column":2},"end":{"line":33,"column":35}},"12":{"start":{"line":33,"column":23},"end":{"line":33,"column":35}},"13":{"start":{"line":35,"column":2},"end":{"line":35,"column":30}}},"fnMap":{"0":{"name":"pickImage","decl":{"start":{"line":4,"column":22},"end":{"line":4,"column":31}},"loc":{"start":{"line":4,"column":34},"end":{"line":20,"column":1}},"line":4},"1":{"name":"takePhoto","decl":{"start":{"line":22,"column":22},"end":{"line":22,"column":31}},"loc":{"start":{"line":22,"column":34},"end":{"line":36,"column":1}},"line":22}},"branchMap":{"0":{"loc":{"start":{"line":7,"column":2},"end":{"line":9,"column":3}},"type":"if","locations":[{"start":{"line":7,"column":2},"end":{"line":9,"column":3}},{"start":{},"end":{}}],"line":7},"1":{"loc":{"start":{"line":17,"column":2},"end":{"line":17,"column":35}},"type":"if","locations":[{"start":{"line":17,"column":2},"end":{"line":17,"column":35}},{"start":{},"end":{}}],"line":17},"2":{"loc":{"start":{"line":25,"column":2},"end":{"line":27,"column":3}},"type":"if","locations":[{"start":{"line":25,"column":2},"end":{"line":27,"column":3}},{"start":{},"end":{}}],"line":25},"3":{"loc":{"start":{"line":33,"column":2},"end":{"line":33,"column":35}},"type":"if","locations":[{"start":{"line":33,"column":2},"end":{"line":33,"column":35}},{"start":{},"end":{}}],"line":33}},"s":{"0":7,"1":7,"2":1,"3":6,"4":6,"5":3,"6":3,"7":5,"8":5,"9":1,"10":4,"11":4,"12":2,"13":2},"f":{"0":7,"1":5},"b":{"0":[1,6],"1":[3,3],"2":[1,4],"3":[2,2]},"_coverageSchema":"1a1c01bbd47fc00a2c39e90264f33305004495a9","hash":"ec3656fa36a641c7140ca8ad1f70c385a340ddb3"}
,"C:\\UoL\\Mobile_Development\\MDExpenseTracker\\app\\utils\\location.ts": {"path":"C:\\UoL\\Mobile_Development\\MDExpenseTracker\\app\\utils\\location.ts","statementMap":{"0":{"start":{"line":5,"column":21},"end":{"line":5,"column":71}},"1":{"start":{"line":7,"column":2},"end":{"line":9,"column":3}},"2":{"start":{"line":8,"column":4},"end":{"line":8,"column":50}},"3":{"start":{"line":11,"column":19},"end":{"line":13,"column":4}},"4":{"start":{"line":15,"column":34},"end":{"line":15,"column":49}},"5":{"start":{"line":17,"column":18},"end":{"line":20,"column":4}},"6":{"start":{"line":23,"column":4},"end":{"line":26,"column":6}},"7":{"start":{"line":28,"column":15},"end":{"line":28,"column":31}},"8":{"start":{"line":29,"column":17},"end":{"line":29,"column":35}},"9":{"start":{"line":30,"column":22},"end":{"line":30,"column":48}},"10":{"start":{"line":32,"column":23},"end":{"line":39,"column":11}},"11":{"start":{"line":41,"column":2},"end":{"line":45,"column":4}}},"fnMap":{"0":{"name":"getCurrentLocation","decl":{"start":{"line":4,"column":22},"end":{"line":4,"column":40}},"loc":{"start":{"line":4,"column":43},"end":{"line":46,"column":1}},"line":4}},"branchMap":{"0":{"loc":{"start":{"line":7,"column":2},"end":{"line":9,"column":3}},"type":"if","locations":[{"start":{"line":7,"column":2},"end":{"line":9,"column":3}},{"start":{},"end":{}}],"line":7},"1":{"loc":{"start":{"line":23,"column":4},"end":{"line":26,"column":6}},"type":"binary-expr","locations":[{"start":{"line":23,"column":4},"end":{"line":23,"column":18}},{"start":{"line":24,"column":4},"end":{"line":24,"column":19}},{"start":{"line":25,"column":4},"end":{"line":25,"column":16}},{"start":{"line":26,"column":4},"end":{"line":26,"column":6}}],"line":23},"2":{"loc":{"start":{"line":28,"column":15},"end":{"line":28,"column":31}},"type":"binary-expr","locations":[{"start":{"line":28,"column":15},"end":{"line":28,"column":25}},{"start":{"line":28,"column":29},"end":{"line":28,"column":31}}],"line":28},"3":{"loc":{"start":{"line":29,"column":17},"end":{"line":29,"column":35}},"type":"binary-expr","locations":[{"start":{"line":29,"column":17},"end":{"line":29,"column":29}},{"start":{"line":29,"column":33},"end":{"line":29,"column":35}}],"line":29},"4":{"loc":{"start":{"line":30,"column":22},"end":{"line":30,"column":48}},"type":"binary-expr","locations":[{"start":{"line":30,"column":22},"end":{"line":30,"column":42}},{"start":{"line":30,"column":46},"end":{"line":30,"column":48}}],"line":30},"5":{"loc":{"start":{"line":34,"column":4},"end":{"line":34,"column":27}},"type":"cond-expr","locations":[{"start":{"line":34,"column":11},"end":{"line":34,"column":22}},{"start":{"line":34,"column":25},"end":{"line":34,"column":27}}],"line":34},"6":{"loc":{"start":{"line":35,"column":4},"end":{"line":35,"column":31}},"type":"cond-expr","locations":[{"start":{"line":35,"column":13},"end":{"line":35,"column":26}},{"start":{"line":35,"column":29},"end":{"line":35,"column":31}}],"line":35},"7":{"loc":{"start":{"line":36,"column":4},"end":{"line":36,"column":40}},"type":"cond-expr","locations":[{"start":{"line":36,"column":18},"end":{"line":36,"column":35}},{"start":{"line":36,"column":38},"end":{"line":36,"column":40}}],"line":36}},"s":{"0":12,"1":12,"2":2,"3":10,"4":10,"5":10,"6":9,"7":9,"8":9,"9":9,"10":9,"11":9},"f":{"0":12},"b":{"0":[2,10],"1":[9,3,2,1],"2":[9,0],"3":[9,0],"4":[9,0],"5":[9,0],"6":[9,0],"7":[9,0]},"_coverageSchema":"1a1c01bbd47fc00a2c39e90264f33305004495a9","hash":"211eb354d8112e7da1af4d554faf3aec8727532e"}
}
