TN:
SF:app\utils\categoryTotals.ts
FN:2,getCategoryTotals
FN:5,(anonymous_1)
FNF:2
FNH:2
FNDA:10,getCategoryTotals
FNDA:114,(anonymous_1)
DA:3,10
DA:5,10
DA:6,114
DA:7,114
DA:10,10
LF:5
LH:5
BRDA:6,0,0,114
BRDA:6,0,1,3
BRDA:7,1,0,114
BRDA:7,1,1,15
BRDA:7,2,0,114
BRDA:7,2,1,2
BRF:6
BRH:6
end_of_record
TN:
SF:app\utils\expenses.ts
FN:6,(anonymous_0)
FNF:1
FNH:1
FNDA:18,(anonymous_0)
DA:6,2
DA:25,18
DA:26,18
DA:28,16
DA:41,14
LF:5
LH:5
BRDA:26,0,0,2
BRDA:26,0,1,16
BRDA:32,1,0,16
BRDA:32,1,1,14
BRDA:33,2,0,16
BRDA:33,2,1,13
BRDA:34,3,0,16
BRDA:34,3,1,13
BRDA:35,4,0,16
BRDA:35,4,1,14
BRDA:36,5,0,16
BRDA:36,5,1,14
BRF:12
BRH:12
end_of_record
TN:
SF:app\utils\imagePicker.ts
FN:4,pickImage
FN:22,takePhoto
FNF:2
FNH:2
FNDA:7,pickImage
FNDA:5,takePhoto
DA:5,7
DA:7,7
DA:8,1
DA:11,6
DA:17,6
DA:19,3
DA:23,5
DA:25,5
DA:26,1
DA:29,4
DA:33,4
DA:35,2
LF:12
LH:12
BRDA:7,0,0,1
BRDA:7,0,1,6
BRDA:17,1,0,3
BRDA:17,1,1,3
BRDA:25,2,0,1
BRDA:25,2,1,4
BRDA:33,3,0,2
BRDA:33,3,1,2
BRF:8
BRH:8
end_of_record
TN:
SF:app\utils\location.ts
FN:4,getCurrentLocation
FNF:1
FNH:1
FNDA:12,getCurrentLocation
DA:5,12
DA:7,12
DA:8,2
DA:11,10
DA:15,10
DA:17,10
DA:23,9
DA:28,9
DA:29,9
DA:30,9
DA:32,9
DA:41,9
LF:12
LH:12
BRDA:7,0,0,2
BRDA:7,0,1,10
BRDA:23,1,0,9
BRDA:23,1,1,3
BRDA:23,1,2,2
BRDA:23,1,3,1
BRDA:28,2,0,9
BRDA:28,2,1,0
BRDA:29,3,0,9
BRDA:29,3,1,0
BRDA:30,4,0,9
BRDA:30,4,1,0
BRDA:34,5,0,9
BRDA:34,5,1,0
BRDA:35,6,0,9
BRDA:35,6,1,0
BRDA:36,7,0,9
BRDA:36,7,1,0
BRF:18
BRH:12
end_of_record
